Filename                                                              Regions    Missed Regions     Cover   Functions  Missed Functions  Executed       Lines      Missed Lines     Cover    Branches   Missed Branches     Cover
---------------------------------------------------------------------------------------------------------------------------------------------------------------------------------------------------------------------------------
pg_accel/src/adapters/extractors/array.rs                                 649                53    91.83%          25                 2    92.00%         366                45    87.70%           0                 0         -
pg_accel/src/adapters/extractors/geometry/array.rs                        189                27    85.71%          10                 3    70.00%         106                16    84.91%           0                 0         -
pg_accel/src/adapters/extractors/geometry/bbox.rs                          43                43     0.00%           1                 1     0.00%          37                37     0.00%           0                 0         -
pg_accel/src/adapters/extractors/geometry/header.rs                        11                 0   100.00%           1                 0   100.00%          12                 0   100.00%           0                 0         -
pg_accel/src/adapters/extractors/geometry/linestring.rs                    79                79     0.00%           1                 1     0.00%          40                40     0.00%           0                 0         -
pg_accel/src/adapters/extractors/geometry/mod.rs                           79                54    31.65%           2                 1    50.00%          63                45    28.57%           0                 0         -
pg_accel/src/adapters/extractors/geometry/point.rs                        218               121    44.50%           5                 2    60.00%         149                78    47.65%           0                 0         -
pg_accel/src/adapters/extractors/geometry/polygon.rs                      112                 7    93.75%           1                 0   100.00%          54                 3    94.44%           0                 0         -
pg_accel/src/adapters/extractors/geometry/polygon_encoder.rs             1052                23    97.81%          37                 1    97.30%         441                11    97.51%           0                 0         -
pg_accel/src/adapters/extractors/geometry/wkb.rs                           26                26     0.00%           1                 1     0.00%          17                17     0.00%           0                 0         -
pg_accel/src/adapters/extractors/raster.rs                                736               384    47.83%          27                 5    81.48%         344               152    55.81%           0                 0         -
pg_accel/src/adapters/h3.rs                                                45                 2    95.56%           2                 0   100.00%          44                 1    97.73%           0                 0         -
pg_accel/src/adapters/mod.rs                                               52                 0   100.00%           6                 0   100.00%          27                 0   100.00%           0                 0         -
pg_accel/src/adapters/postgis.rs                                           12                 3    75.00%           3                 1    66.67%          13                 1    92.31%           0                 0         -
pg_accel/src/adapters/postgis_raster.rs                                    37                 0   100.00%           2                 0   100.00%          32                 0   100.00%           0                 0         -
pg_accel/src/engine/batch.rs                                               33                33     0.00%           8                 8     0.00%          29                29     0.00%           0                 0         -
pg_accel/src/engine/columnar.rs                                           169               169     0.00%           8                 8     0.00%          89                89     0.00%           0                 0         -
pg_accel/src/engine/cost/availability.rs                                   11                 0   100.00%           3                 0   100.00%           9                 0   100.00%           0                 0         -
pg_accel/src/engine/cost/device_limits.rs                                 149               137     8.05%           7                 4    42.86%         175                86    50.86%           0                 0         -
pg_accel/src/engine/cost/formulas.rs                                      541               151    72.09%          40                13    67.50%         395               149    62.28%           0                 0         -
pg_accel/src/engine/cost/model.rs                                         315                 4    98.73%          12                 1    91.67%         230                 3    98.70%           0                 0         -
pg_accel/src/engine/cost/platform.rs                                       20                20     0.00%           1                 1     0.00%          19                19     0.00%           0                 0         -
pg_accel/src/engine/cost/units.rs                                         113                 0   100.00%          25                 0   100.00%          83                 0   100.00%           0                 0         -
pg_accel/src/engine/device_info.rs                                         47                47     0.00%           5                 5     0.00%          44                44     0.00%           0                 0         -
pg_accel/src/engine/dispatch/h3.rs                                        892               892     0.00%          32                32     0.00%         509               509     0.00%           0                 0         -
pg_accel/src/engine/dispatch/mod.rs                                       164               164     0.00%          11                11     0.00%         100               100     0.00%           0                 0         -
pg_accel/src/engine/dispatch/predicate_chain.rs                            73                73     0.00%           8                 8     0.00%          49                49     0.00%           0                 0         -
pg_accel/src/engine/dispatch/raster.rs                                   1640              1640     0.00%          61                61     0.00%        1025              1025     0.00%           0                 0         -
pg_accel/src/engine/dispatch/spatial.rs                                   969               969     0.00%          15                15     0.00%         567               567     0.00%           0                 0         -
pg_accel/src/engine/executor/agg/execute.rs                              3217              3217     0.00%         103               103     0.00%        2084              2084     0.00%           0                 0         -
pg_accel/src/engine/executor/agg/ffi_bridge.rs                             17                17     0.00%           2                 2     0.00%          17                17     0.00%           0                 0         -
pg_accel/src/engine/executor/agg/keys.rs                                  256                74    71.09%          16                 0   100.00%         159                44    72.33%           0                 0         -
pg_accel/src/engine/executor/agg/mod.rs                                    48                48     0.00%           4                 4     0.00%          27                27     0.00%           0                 0         -
pg_accel/src/engine/executor/agg/ops.rs                                    37                37     0.00%           2                 2     0.00%          37                37     0.00%           0                 0         -
pg_accel/src/engine/executor/agg/partial/emitter.rs                       382               382     0.00%          20                20     0.00%         228               228     0.00%           0                 0         -
pg_accel/src/engine/executor/agg/values.rs                                 45                45     0.00%           2                 2     0.00%          46                46     0.00%           0                 0         -
pg_accel/src/engine/executor/join/build.rs                                121               121     0.00%           4                 4     0.00%         123               123     0.00%           0                 0         -
pg_accel/src/engine/executor/join/mod.rs                                  568               568     0.00%          34                34     0.00%         499               499     0.00%           0                 0         -
pg_accel/src/engine/executor/join/nlj.rs                                  535               535     0.00%          19                19     0.00%         321               321     0.00%           0                 0         -
pg_accel/src/engine/executor/join/probe.rs                                767               767     0.00%           3                 3     0.00%         493               493     0.00%           0                 0         -
pg_accel/src/engine/executor/metrics.rs                                   144                 0   100.00%          17                 0   100.00%          92                 0   100.00%           0                 0         -
pg_accel/src/engine/executor/preagg/finalize.rs                            71                71     0.00%           1                 1     0.00%          35                35     0.00%           0                 0         -
pg_accel/src/engine/executor/preagg/mod.rs                               1413              1413     0.00%          56                56     0.00%         944               944     0.00%           0                 0         -
pg_accel/src/engine/executor/preagg/partial.rs                            134                67    50.00%           8                 3    62.50%         125                58    53.60%           0                 0         -
pg_accel/src/engine/executor/preagg/partial_emit.rs                        78                78     0.00%           5                 5     0.00%          78                78     0.00%           0                 0         -
pg_accel/src/engine/executor/result_drain.rs                              202                14    93.07%          16                 2    87.50%         106                13    87.74%           0                 0         -
pg_accel/src/engine/executor/scan/arena_scan.rs                           123               123     0.00%           3                 3     0.00%          94                94     0.00%           0                 0         -
pg_accel/src/engine/executor/scan/exec.rs                                 280               280     0.00%           9                 9     0.00%         212               212     0.00%           0                 0         -
pg_accel/src/engine/executor/scan/mod.rs                                  184               184     0.00%          28                28     0.00%         172               172     0.00%           0                 0         -
pg_accel/src/engine/executor/sort/mod.rs                                  793               793     0.00%          32                32     0.00%         547               547     0.00%           0                 0         -
pg_accel/src/engine/executor/sort/tuplesort.rs                            452               452     0.00%          14                14     0.00%         182               182     0.00%           0                 0         -
pg_accel/src/engine/executor/sort_scan.rs                                 198               198     0.00%          23                23     0.00%         165               165     0.00%           0                 0         -
pg_accel/src/engine/executor/state.rs                                      13                13     0.00%           1                 1     0.00%           9                 9     0.00%           0                 0         -
pg_accel/src/engine/executor/tuple.rs                                      82                12    85.37%          13                 2    84.62%          63                14    77.78%           0                 0         -
pg_accel/src/engine/executor/vectorized_scan.rs                           379               379     0.00%          21                21     0.00%         227               227     0.00%           0                 0         -
pg_accel/src/engine/executor/window/frame.rs                               53                53     0.00%           1                 1     0.00%          34                34     0.00%           0                 0         -
pg_accel/src/engine/executor/window/functions.rs                          119               119     0.00%           5                 5     0.00%          86                86     0.00%           0                 0         -
pg_accel/src/engine/executor/window/mod.rs                                766               766     0.00%          22                22     0.00%         458               458     0.00%           0                 0         -
pg_accel/src/engine/expr_compiler.rs                                      217               217     0.00%          17                17     0.00%         149               149     0.00%           0                 0         -
pg_accel/src/engine/ffi/custom_scan/dsm.rs                                 74                74     0.00%           5                 5     0.00%          79                79     0.00%           0                 0         -
pg_accel/src/engine/ffi/custom_scan/explain.rs                            128               128     0.00%           2                 2     0.00%         100               100     0.00%           0                 0         -
pg_accel/src/engine/ffi/custom_scan/function_scan.rs                      283               283     0.00%           9                 9     0.00%         200               200     0.00%           0                 0         -
pg_accel/src/engine/ffi/custom_scan/mod.rs                               3213              3213     0.00%          62                62     0.00%        2085              2085     0.00%           0                 0         -
pg_accel/src/engine/ffi/custom_scan/plan_partial_agg.rs                    57                57     0.00%           1                 1     0.00%          34                34     0.00%           0                 0         -
pg_accel/src/engine/ffi/custom_scan/private_data.rs                      1234              1054    14.59%          48                32    33.33%         804               649    19.28%           0                 0         -
pg_accel/src/engine/ffi/custom_scan/private_data/list_codec.rs            157               139    11.46%          26                23    11.54%         113                97    14.16%           0                 0         -
pg_accel/src/engine/ffi/custom_scan/srf_target_list.rs                    396               396     0.00%          15                15     0.00%         275               275     0.00%           0                 0         -
pg_accel/src/engine/ffi/planner_hooks/agg.rs                              134               134     0.00%           5                 5     0.00%          82                82     0.00%           0                 0         -
pg_accel/src/engine/ffi/planner_hooks/agg_common.rs                        92                86     6.52%           6                 5    16.67%         134               126     5.97%           0                 0         -
pg_accel/src/engine/ffi/planner_hooks/decision.rs                         399                10    97.49%          42                 0   100.00%         256                 9    96.48%           0                 0         -
pg_accel/src/engine/ffi/planner_hooks/gate.rs                             133                63    52.63%          12                 4    66.67%          94                50    46.81%           0                 0         -
pg_accel/src/engine/ffi/planner_hooks/hashjoin.rs                         309                 1    99.68%          29                 0   100.00%         195                 1    99.49%           0                 0         -
pg_accel/src/engine/ffi/planner_hooks/join_pathlist.rs                   1145              1013    11.53%          38                14    63.16%         765               646    15.56%           0                 0         -
pg_accel/src/engine/ffi/planner_hooks/mod.rs                             4345              4345     0.00%          82                82     0.00%        2952              2952     0.00%           0                 0         -
pg_accel/src/engine/ffi/planner_hooks/partial_agg.rs                      570               523     8.25%          11                 5    54.55%         394               347    11.93%           0                 0         -
pg_accel/src/engine/ffi/planner_hooks/preagg_partial.rs                   628               553    11.94%          18                 5    72.22%         424               365    13.92%           0                 0         -
pg_accel/src/engine/ffi/planner_hooks/projectset.rs                       200               200     0.00%           1                 1     0.00%         146               146     0.00%           0                 0         -
pg_accel/src/engine/ffi/planner_hooks/rel_pathlist.rs                    1299              1117    14.01%          43                16    62.79%         983               810    17.60%           0                 0         -
pg_accel/src/engine/ffi/planner_hooks/srf_target_list.rs                  573               553     3.49%          11                 8    27.27%         392               378     3.57%           0                 0         -
pg_accel/src/engine/ffi/syscache.rs                                        35                35     0.00%           2                 2     0.00%          27                27     0.00%           0                 0         -
pg_accel/src/engine/function_matcher.rs                                   122               122     0.00%           4                 4     0.00%          74                74     0.00%           0                 0         -
pg_accel/src/engine/gucs.rs                                                72                68     5.56%          10                 9    10.00%          63                60     4.76%           0                 0         -
pg_accel/src/engine/materialize/deser.rs                                   25                25     0.00%           3                 3     0.00%          19                19     0.00%           0                 0         -
pg_accel/src/engine/materialize/tuple_extract.rs                          856               856     0.00%          40                40     0.00%         554               554     0.00%           0                 0         -
pg_accel/src/engine/otel.rs                                               921               374    59.39%          63                31    50.79%         582               313    46.22%           0                 0         -
pg_accel/src/engine/panic_hook.rs                                         147               147     0.00%           9                 9     0.00%          76                76     0.00%           0                 0         -
pg_accel/src/engine/registry.rs                                           263               238     9.51%          33                27    18.18%         198               177    10.61%           0                 0         -
pg_accel/src/engine/registry/contracts.rs                                 179               179     0.00%          20                20     0.00%         157               157     0.00%           0                 0         -
pg_accel/src/engine/registry/types.rs                                      23                10    56.52%           3                 1    66.67%          26                10    61.54%           0                 0         -
pg_accel/src/engine/stats.rs                                              431               431     0.00%          52                52     0.00%         444               444     0.00%           0                 0         -
pg_accel/src/engine/thread_budget.rs                                      132               132     0.00%           9                 9     0.00%         104               104     0.00%           0                 0         -
pg_accel/src/engine/type_extractor.rs                                     214               214     0.00%          28                28     0.00%         170               170     0.00%           0                 0         -
pg_accel/src/gpu/bridge.rs                                                 35                35     0.00%           4                 4     0.00%          25                25     0.00%           0                 0         -
pg_accel/src/gpu/counters.rs                                                6                 6     0.00%           2                 2     0.00%           6                 6     0.00%           0                 0         -
pg_accel/src/gpu/descriptors.rs                                           553               145    73.78%          59                19    67.80%         368                98    73.37%           0                 0         -
pg_accel/src/gpu/error.rs                                                 148                75    49.32%          13                 5    61.54%         134                51    61.94%           0                 0         -
pg_accel/src/gpu/expr.rs                                                   79                79     0.00%           4                 4     0.00%          68                68     0.00%           0                 0         -
pg_accel/src/gpu/fused.rs                                                  35                35     0.00%           1                 1     0.00%          31                31     0.00%           0                 0         -
pg_accel/src/gpu/h3.rs                                                    501               501     0.00%          18                18     0.00%         348               348     0.00%           0                 0         -
pg_accel/src/gpu/hash_agg.rs                                              171               171     0.00%          12                12     0.00%         131               131     0.00%           0                 0         -
pg_accel/src/gpu/hash_join.rs                                             130               105    19.23%           8                 5    37.50%          99                79    20.20%           0                 0         -
pg_accel/src/gpu/nested_loop_ineq.rs                                      245               194    20.82%          10                 5    50.00%         196               164    16.33%           0                 0         -
pg_accel/src/gpu/raster.rs                                                273               273     0.00%           9                 9     0.00%         245               245     0.00%           0                 0         -
pg_accel/src/gpu/reduce.rs                                                493               493     0.00%          20                20     0.00%         226               226     0.00%           0                 0         -
pg_accel/src/gpu/runtime.rs                                                52                52     0.00%           9                 9     0.00%          44                44     0.00%           0                 0         -
pg_accel/src/gpu/sort.rs                                                  327               327     0.00%          13                13     0.00%         135               135     0.00%           0                 0         -
pg_accel/src/gpu/spatial.rs                                               113               113     0.00%           4                 4     0.00%          81                81     0.00%           0                 0         -
pg_accel/src/gpu/three_layer.rs                                           570               570     0.00%          22                22     0.00%         387               387     0.00%           0                 0         -
pg_accel/src/gpu/types.rs                                                  31                27    12.90%           8                 7    12.50%          45                42     6.67%           0                 0         -
pg_accel/src/gpu/window.rs                                                256               256     0.00%           7                 7     0.00%         156               156     0.00%           0                 0         -
pg_accel/src/lib.rs                                                        94                54    42.55%          13                 8    38.46%          80                51    36.25%           0                 0         -
pg_accel/src/pg_stubs.rs                                                   12                 9    25.00%           4                 3    25.00%          16                13    18.75%           0                 0         -
pg_accel_bench/src/artifacts.rs                                          1507               340    77.44%          85                19    77.65%         935               172    81.60%           0                 0         -
pg_accel_bench/src/bench_model.rs                                          73                13    82.19%           9                 2    77.78%          87                13    85.06%           0                 0         -
pg_accel_bench/src/config.rs                                              286               176    38.46%          20                12    40.00%         220               144    34.55%           0                 0         -
pg_accel_bench/src/explain_audit.rs                                       391               165    57.80%          29                 9    68.97%         380               112    70.53%           0                 0         -
pg_accel_bench/src/fp64_calibration.rs                                    977               541    44.63%          72                37    48.61%         697               390    44.05%           0                 0         -
pg_accel_bench/src/h3_protection_test.rs                                   44                 4    90.91%           6                 2    66.67%          29                 3    89.66%           0                 0         -
pg_accel_bench/src/main.rs                                                775               775     0.00%          39                39     0.00%         599               599     0.00%           0                 0         -
pg_accel_bench/src/parallel_stress_test.rs                                156               156     0.00%          11                11     0.00%          82                82     0.00%           0                 0         -
pg_accel_bench/src/plan_shape_test.rs                                      97                97     0.00%           8                 8     0.00%          78                78     0.00%           0                 0         -
pg_accel_bench/src/report.rs                                             3838               302    92.13%         176                15    91.48%        2661               198    92.56%           0                 0         -
pg_accel_bench/src/resume.rs                                              416                55    86.78%          23                 2    91.30%         318                51    83.96%           0                 0         -
pg_accel_bench/src/runner.rs                                             4009              3317    17.26%         207               147    28.99%        2855              2401    15.90%           0                 0         -
pg_accel_bench/src/stats.rs                                              1173               129    89.00%          91                 6    93.41%         682                98    85.63%           0                 0         -
pg_accel_bench/src/workloads/bitmap_heap_gpuexpr_decline.rs                38                 5    86.84%           8                 1    87.50%          43                 3    93.02%           0                 0         -
pg_accel_bench/src/workloads/expr_math.rs                                  28                 0   100.00%           6                 0   100.00%          28                 0   100.00%           0                 0         -
pg_accel_bench/src/workloads/expr_variants.rs                              28                 0   100.00%           6                 0   100.00%          30                 0   100.00%           0                 0         -
pg_accel_bench/src/workloads/filtered_grouped_agg.rs                       30                 0   100.00%           6                 0   100.00%          32                 0   100.00%           0                 0         -
pg_accel_bench/src/workloads/fp64_matrix.rs                               627                60    90.43%          87                 6    93.10%         469                37    92.11%           0                 0         -
pg_accel_bench/src/workloads/gpu_expr_complex.rs                           28                 0   100.00%           6                 0   100.00%          32                 0   100.00%           0                 0         -
pg_accel_bench/src/workloads/gpu_expr_filter.rs                            28                 0   100.00%           6                 0   100.00%          27                 0   100.00%           0                 0         -
pg_accel_bench/src/workloads/gpu_expr_null_heavy.rs                        28                 0   100.00%           6                 0   100.00%          27                 0   100.00%           0                 0         -
pg_accel_bench/src/workloads/gpu_hashagg_med_card.rs                       28                 0   100.00%           6                 0   100.00%          31                 0   100.00%           0                 0         -
pg_accel_bench/src/workloads/gpu_hashjoin_filter.rs                        40                 0   100.00%           6                 0   100.00%          41                 0   100.00%           0                 0         -
pg_accel_bench/src/workloads/gpu_hashjoin_large_build.rs                   39                 0   100.00%           6                 0   100.00%          41                 0   100.00%           0                 0         -
pg_accel_bench/src/workloads/gpu_nlj_between.rs                            43                 0   100.00%           6                 0   100.00%          35                 0   100.00%           0                 0         -
pg_accel_bench/src/workloads/gpu_reduce_scaling.rs                         28                 0   100.00%           6                 0   100.00%          28                 0   100.00%           0                 0         -
pg_accel_bench/src/workloads/gpu_reduce_sum.rs                             28                 0   100.00%           6                 0   100.00%          29                 0   100.00%           0                 0         -
pg_accel_bench/src/workloads/gpu_sort_multikey.rs                          33                 5    84.85%           7                 1    85.71%          39                 3    92.31%           0                 0         -
pg_accel_bench/src/workloads/gpu_sort_topk_wide.rs                         33                 5    84.85%           7                 1    85.71%          37                 3    91.89%           0                 0         -
pg_accel_bench/src/workloads/grouped_agg.rs                                28                 0   100.00%           6                 0   100.00%          29                 0   100.00%           0                 0         -
pg_accel_bench/src/workloads/grouped_agg_high_card.rs                      30                 0   100.00%           6                 0   100.00%          30                 0   100.00%           0                 0         -
pg_accel_bench/src/workloads/h3_bulk.rs                                    31                 0   100.00%           7                 0   100.00%          35                 0   100.00%           0                 0         -
pg_accel_bench/src/workloads/h3_cell_to_parent.rs                          31                 3    90.32%           7                 1    85.71%          37                 7    81.08%           0                 0         -
pg_accel_bench/src/workloads/h3_grid_distance.rs                           31                 3    90.32%           7                 1    85.71%          38                 7    81.58%           0                 0         -
pg_accel_bench/src/workloads/h3_resolution_sweep.rs                        31                 0   100.00%           7                 0   100.00%          36                 0   100.00%           0                 0         -
pg_accel_bench/src/workloads/h3_srf_grid_disk.rs                           40                 3    92.50%           8                 1    87.50%          64                14    78.12%           0                 0         -
pg_accel_bench/src/workloads/h3_variants.rs                                47                 3    93.62%           7                 0   100.00%          38                 1    97.37%           0                 0         -
pg_accel_bench/src/workloads/hash_join.rs                                  39                 0   100.00%           6                 0   100.00%          33                 0   100.00%           0                 0         -
pg_accel_bench/src/workloads/hashagg_sweep.rs                              29                 0   100.00%           6                 0   100.00%          28                 0   100.00%           0                 0         -
pg_accel_bench/src/workloads/hashjoin_sweep.rs                             39                 0   100.00%           6                 0   100.00%          42                 0   100.00%           0                 0         -
pg_accel_bench/src/workloads/index_recheck.rs                              30                 0   100.00%           6                 0   100.00%          31                 0   100.00%           0                 0         -
pg_accel_bench/src/workloads/large_sort.rs                                 33                 5    84.85%           7                 1    85.71%          38                 3    92.11%           0                 0         -
pg_accel_bench/src/workloads/mergejoin_decline.rs                          47                 0   100.00%           7                 0   100.00%          38                 0   100.00%           0                 0         -
pg_accel_bench/src/workloads/mixed_variants.rs                             30                 0   100.00%           8                 0   100.00%          23                 0   100.00%           0                 0         -
pg_accel_bench/src/workloads/mod.rs                                      1896               176    90.72%         112                 5    95.54%        1770               243    86.27%           0                 0         -
pg_accel_bench/src/workloads/numeric_agg_decline.rs                        31                 0   100.00%           7                 0   100.00%          28                 0   100.00%           0                 0         -
pg_accel_bench/src/workloads/oltp_point.rs                                 28                 0   100.00%           6                 0   100.00%          27                 0   100.00%           0                 0         -
pg_accel_bench/src/workloads/parallel_hashjoin_rebuild_decline.rs          58                11    81.03%           8                 1    87.50%          45                 7    84.44%           0                 0         -
pg_accel_bench/src/workloads/parallel_stress.rs                           137                44    67.88%          29                 4    86.21%         117                28    76.07%           0                 0         -
pg_accel_bench/src/workloads/proximity.rs                                  30                 0   100.00%           6                 0   100.00%          30                 0   100.00%           0                 0         -
pg_accel_bench/src/workloads/raster_variants.rs                            50                 7    86.00%           9                 0   100.00%          34                 3    91.18%           0                 0         -
pg_accel_bench/src/workloads/reduce_variants.rs                            28                 0   100.00%           6                 0   100.00%          28                 0   100.00%           0                 0         -
pg_accel_bench/src/workloads/small_table.rs                                29                 0   100.00%           6                 0   100.00%          25                 0   100.00%           0                 0         -
pg_accel_bench/src/workloads/sort_variants.rs                              27                 0   100.00%           6                 0   100.00%          22                 0   100.00%           0                 0         -
pg_accel_bench/src/workloads/spatial_agg.rs                                30                 0   100.00%           6                 0   100.00%          35                 0   100.00%           0                 0         -
pg_accel_bench/src/workloads/spatial_complex_poly.rs                       44                 0   100.00%           6                 0   100.00%          42                 0   100.00%           0                 0         -
pg_accel_bench/src/workloads/spatial_contains.rs                           30                 0   100.00%           6                 0   100.00%          33                 0   100.00%           0                 0         -
pg_accel_bench/src/workloads/spatial_filter.rs                             28                 0   100.00%           6                 0   100.00%          37                 0   100.00%           0                 0         -
pg_accel_bench/src/workloads/spatial_join.rs                               44                 0   100.00%           6                 0   100.00%          38                 0   100.00%           0                 0         -
pg_accel_bench/src/workloads/spatial_megapoly.rs                           27                 0   100.00%           6                 0   100.00%          26                 0   100.00%           0                 0         -
pg_accel_bench/src/workloads/spatial_multi_pred.rs                         30                 0   100.00%           6                 0   100.00%          37                 0   100.00%           0                 0         -
pg_accel_bench/src/workloads/spatial_selectivity.rs                        28                 0   100.00%           6                 0   100.00%          37                 0   100.00%           0                 0         -
pg_accel_bench/src/workloads/spatial_selectivity_sweep.rs                 122                31    74.59%          17                 2    88.24%         112                18    83.93%           0                 0         -
pg_accel_bench/src/workloads/spatial_shapes.rs                             27                 0   100.00%           6                 0   100.00%          26                 0   100.00%           0                 0         -
pg_accel_bench/src/workloads/spatial_sort.rs                               30                 0   100.00%           6                 0   100.00%          33                 0   100.00%           0                 0         -
pg_accel_bench/src/workloads/ssbm.rs                                      584                 3    99.49%         119                 0   100.00%         695                 1    99.86%           0                 0         -
pg_accel_bench/src/workloads/topk_wide.rs                                  28                 0   100.00%           6                 0   100.00%          35                 0   100.00%           0                 0         -
pg_accel_bench/src/workloads/vertex_sweep.rs                               27                 0   100.00%           6                 0   100.00%          26                 0   100.00%           0                 0         -
pg_accel_bench/src/workloads/window_analytics.rs                           28                 0   100.00%           6                 0   100.00%          32                 0   100.00%           0                 0         -
pg_accel_bench/src/workloads/window_variants.rs                            30                 0   100.00%           6                 0   100.00%          28                 0   100.00%           0                 0         -
---------------------------------------------------------------------------------------------------------------------------------------------------------------------------------------------------------------------------------
TOTAL                                                                   61899             42891    30.71%        3316              1663    49.85%       43232             29227    32.39%           0                 0         -
